# callgrind format
version: 1
creator: pprofile
event: usphit :microseconds/hit
events: hits microseconds usphit
cmd: ./send_reminder.py '2020-01-13|Example|test1,test2,test3,test4,test5,test6,test7,test8,test9'
fl=/usr/lib/python3.8/uu.py
fn=<module>:27
27 2 15 7
33 1 3 3
34 1 6 6
35 1 4 4
37 1 3 3
39 1 30 30
cfl=/usr/lib/python3.8/uu.py
cfn=Error:39
calls=1 39
39 1 7 7
42 1 4 4
100 1 3 3
167 1 3 3
205 1 3 3
fn=Error:39
39 2 5 2
40 1 1 1
fl=/usr/lib/python3.8/hashlib.py
fn=<module>:5
5 2 17 8
58 1 3 3
64 1 5 5
65 1 5 5
67 1 4 4
71 1 4 4
73 1 5 5
74 1 4 4
75 1 4 4
76 1 5 5
79 1 3 3
123 1 4 4
138 1 4 4
146 1 4 4
166 1 4 4
167 1 4 4
168 1 4 4
169 1 5 5
170 2 11 5
171 1 3 3
176 1 3 3
178 1 5 5
240 1 4 4
242 1 5 5
247 15 44 2
250 14 38 2
251 14 123 8
cfl=/usr/lib/python3.8/hashlib.py
cfn=__get_openssl_constructor:123
calls=14 123
251 14 1345 96
258 1 2 2
259 1 4 4
fn=__get_builtin_constructor:79
79 8 15 1
80 8 19 2
81 8 21 2
82 8 18 2
83 5 10 2
84 3 6 2
85 3 7 2
88 3 7 2
91 3 6 2
95 3 7 2
99 3 7 2
100 1 9 9
cfl=<frozen importlib._bootstrap>
cfn=_find_and_load:986
calls=1 986
100 1 523 523
101 1 3 3
102 1 4 4
103 2 3 1
104 1 9 9
cfl=<frozen importlib._bootstrap>
cfn=_find_and_load:986
calls=1 986
104 1 439 439
105 1 4 4
106 1 3 3
107 1 3 3
108 1 3 3
109 1 2 2
110 1 3 3
111 1 3 3
112 1 3 3
116 3 8 2
117 3 7 2
118 3 7 2
fn=__get_openssl_constructor:123
123 14 33 2
124 14 26 1
126 8 54 6
cfl=/usr/lib/python3.8/hashlib.py
cfn=__get_builtin_constructor:79
calls=8 79
126 8 1170 146
127 6 11 1
128 6 12 2
131 6 24 4
133 6 11 1
fl=/usr/lib/python3.8/email/generator.py
fn=<module>:5
5 2 27 13
7 1 4 4
9 1 7 7
10 1 7 7
11 1 51 51
12 1 9 9
14 1 9 9
15 1 8 8
16 1 8 8
18 1 6 6
19 1 6 6
21 1 18 18
cfl=/usr/lib/python3.8/re.py
cfn=compile:250
calls=1 250
21 1 22 22
22 1 22 22
cfl=/usr/lib/python3.8/re.py
cfn=compile:250
calls=1 250
22 1 1434 1434
26 1 36 36
cfl=/usr/lib/python3.8/email/generator.py
cfn=Generator:26
calls=1 26
26 1 166 166
392 1 30 30
cfl=/usr/lib/python3.8/email/generator.py
cfn=BytesGenerator:392
calls=1 392
392 1 40 40
443 1 7 7
445 1 27 27
cfl=/usr/lib/python3.8/email/generator.py
cfn=DecodedGenerator:445
calls=1 445
445 1 25 25
504 1 7 7
505 1 8 8
508 1 7 7
fn=Generator:26
26 2 14 7
27 1 3 3
36 2 16 8
37 1 22 22
68 1 3 3
72 1 18 18
121 1 5 5
141 1 5 5
145 1 4 4
149 1 5 5
165 1 5 5
200 1 5 5
220 1 5 5
230 1 5 5
252 1 4 4
254 1 4 4
312 1 5 5
323 1 4 4
344 1 6 6
369 1 5 5
370 1 5 5
387 1 4 4
388 1 5 5
fn=BytesGenerator:392
392 2 11 5
393 1 2 2
405 1 3 3
408 1 2 2
411 1 3 3
414 1 4 4
422 1 3 3
435 1 3 3
437 1 2 2
438 1 3 3
fn=DecodedGenerator:445
445 2 10 5
446 1 2 2
451 2 7 3
452 1 4 4
481 1 2 2
fl=/usr/lib/python3.8/sre_parse.py
fn=parse:937
937 4 9 2
940 4 30 7
cfl=/usr/lib/python3.8/sre_parse.py
cfn=__init__:224
calls=4 224
940 4 139 34
942 4 9 2
943 4 25 6
cfl=/usr/lib/python3.8/sre_parse.py
cfn=__init__:76
calls=4 76
943 4 39 9
944 4 9 2
945 4 8 2
947 4 7 1
948 4 29 7
cfl=/usr/lib/python3.8/sre_parse.py
cfn=_parse_sub:435
calls=4 435
948 4 5857 1464
958 4 26 6
cfl=/usr/lib/python3.8/sre_parse.py
cfn=fix_flags:921
calls=4 921
958 4 51 12
960 4 9 2
964 4 8 2
967 4 8 2
fn=__init__:224
224 4 8 2
225 4 10 2
226 4 9 2
227 4 8 2
228 1 2 2
229 4 7 1
230 4 7 1
231 4 7 1
232 4 23 5
cfl=/usr/lib/python3.8/sre_parse.py
cfn=__next:233
calls=4 233
232 4 54 13
fn=__next:233
233 54 73 1
234 54 100 1
235 54 91 1
236 54 100 1
237 4 8 2
238 4 8 2
239 4 7 1
240 50 85 1
241 6 10 1
242 6 11 1
243 6 11 1
247 50 89 1
248 50 88 1
fn=__init__:76
76 4 7 1
77 4 7 1
78 4 8 2
79 4 8 2
80 4 7 1
fn=_parse_sub:435
435 6 18 3
438 6 17 2
439 6 16 2
440 6 15 2
441 6 36 6
cfl=/usr/lib/python3.8/sre_parse.py
cfn=tell:286
calls=6 286
441 6 23 3
443 12 83 6
cfl=/usr/lib/python3.8/sre_parse.py
cfn=_parse:493
calls=6 493
443 6 5634 939
444 6 14 2
445 6 36 6
cfl=/usr/lib/python3.8/sre_parse.py
cfn=match:249
calls=6 249
445 6 31 5
446 6 14 2
448 6 15 2
449 6 13 2
fn=tell:286
286 12 22 1
287 12 24 2
fn=_parse:493
493 6 34 5
495 6 70 11
cfl=/usr/lib/python3.8/sre_parse.py
cfn=__init__:111
calls=6 111
495 6 77 12
498 6 33 5
499 6 30 5
500 6 29 4
501 6 30 5
502 6 30 5
506 25 113 4
507 25 105 4
508 4 16 4
509 21 87 4
510 2 8 4
511 19 164 8
cfl=/usr/lib/python3.8/sre_parse.py
cfn=get:254
calls=19 254
511 19 427 22
513 19 81 4
524 19 81 4
528 19 80 4
529 11 97 8
cfl=/usr/lib/python3.8/sre_parse.py
cfn=append:172
calls=11 172
529 11 42 3
531 8 33 4
532 2 18 9
cfl=/usr/lib/python3.8/sre_parse.py
cfn=tell:286
calls=2 286
532 2 7 3
534 2 10 5
535 2 9 4
538 2 9 4
544 2 19 9
cfl=/usr/lib/python3.8/sre_parse.py
cfn=match:249
calls=2 249
544 2 11 5
547 21 179 8
cfl=/usr/lib/python3.8/sre_parse.py
cfn=get:254
calls=21 254
547 21 498 23
548 21 87 4
551 21 87 4
552 2 7 3
553 19 79 4
554 6 63 10
cfl=/usr/lib/python3.8/sre_parse.py
cfn=_class_escape:295
calls=6 295
554 6 193 32
556 13 52 4
567 13 56 4
568 19 169 8
cfl=/usr/lib/python3.8/sre_parse.py
cfn=match:249
calls=19 249
568 19 152 8
570 3 27 9
cfl=/usr/lib/python3.8/sre_parse.py
cfn=get:254
calls=3 254
570 3 65 21
571 3 13 4
574 3 12 4
580 3 13 4
583 3 13 4
590 3 13 4
591 3 14 4
594 3 13 4
595 3 13 4
596 3 13 4
599 3 13 4
601 16 65 4
603 16 67 4
605 2 21 10
cfl=/usr/lib/python3.8/sre_parse.py
cfn=_uniq:432
calls=2 432
605 2 14 7
607 2 9 4
614 2 9 4
618 2 18 9
cfl=/usr/lib/python3.8/sre_parse.py
cfn=append:172
calls=2 172
618 2 8 4
620 6 27 4
622 2 18 9
cfl=/usr/lib/python3.8/sre_parse.py
cfn=tell:286
calls=2 286
622 2 7 3
623 2 10 5
625 2 9 4
626 1 4 4
628 1 4 4
630 1 5 5
631 1 5 5
635 1 5 5
636 1 5 5
637 2 10 5
638 1 10 10
cfl=/usr/lib/python3.8/sre_parse.py
cfn=get:254
calls=1 254
638 1 22 22
639 1 10 10
cfl=/usr/lib/python3.8/sre_parse.py
cfn=match:249
calls=1 249
639 1 5 5
643 1 5 5
644 1 10 10
cfl=/usr/lib/python3.8/sre_parse.py
cfn=match:249
calls=1 249
644 1 23 23
649 1 5 5
650 1 5 5
651 1 5 5
653 1 5 5
654 1 7 7
655 1 5 5
657 1 5 5
663 2 20 10
cfl=/usr/lib/python3.8/sre_parse.py
cfn=__len__:160
calls=2 160
663 2 10 5
664 2 20 10
cfl=/usr/lib/python3.8/sre_parse.py
cfn=__getitem__:164
calls=2 164
664 2 41 20
667 2 30 15
cfl=/usr/lib/python3.8/sre_parse.py
cfn=__len__:160
calls=2 160
667 2 7 3
cfl=/usr/lib/python3.8/sre_parse.py
cfn=__getitem__:164
calls=2 164
667 2 11 5
670 2 19 9
cfl=/usr/lib/python3.8/sre_parse.py
cfn=__getitem__:164
calls=2 164
670 2 10 5
673 2 20 10
cfl=/usr/lib/python3.8/sre_parse.py
cfn=__getitem__:164
calls=2 164
673 2 10 5
677 2 18 9
cfl=/usr/lib/python3.8/sre_parse.py
cfn=match:249
calls=2 249
677 2 10 5
680 2 19 9
cfl=/usr/lib/python3.8/sre_parse.py
cfn=__setitem__:168
calls=2 168
680 2 9 4
682 4 17 4
683 1 10 10
cfl=/usr/lib/python3.8/sre_parse.py
cfn=append:172
calls=1 172
683 1 3 3
685 3 14 4
686 2 19 9
cfl=/usr/lib/python3.8/sre_parse.py
cfn=tell:286
calls=2 286
686 2 8 4
687 2 9 4
688 2 9 4
689 2 9 4
690 2 9 4
691 2 20 10
cfl=/usr/lib/python3.8/sre_parse.py
cfn=match:249
calls=2 249
691 2 12 6
827 2 9 4
828 2 30 15
829 2 21 10
cfl=/usr/lib/python3.8/sre_parse.py
cfn=opengroup:84
calls=2 84
829 2 60 30
832 4 20 5
834 2 24 12
cfl=/usr/lib/python3.8/sre_parse.py
cfn=_parse_sub:435
calls=2 435
834 2 1707 853
835 2 20 10
cfl=/usr/lib/python3.8/sre_parse.py
cfn=match:249
calls=2 249
835 2 51 25
838 2 10 5
839 2 24 12
cfl=/usr/lib/python3.8/sre_parse.py
cfn=closegroup:96
calls=2 96
839 2 195 97
840 2 19 9
cfl=/usr/lib/python3.8/sre_parse.py
cfn=append:172
calls=2 172
840 2 8 4
842 1 4 4
843 1 11 11
cfl=/usr/lib/python3.8/sre_parse.py
cfn=append:172
calls=1 172
843 1 4 4
852 23 139 6
cfl=/usr/lib/python3.8/sre_parse.py
cfn=__len__:160
calls=6 160
852 6 22 3
853 17 153 9
cfl=/usr/lib/python3.8/sre_parse.py
cfn=__getitem__:164
calls=17 164
853 17 91 5
854 17 74 4
855 2 8 4
856 2 10 5
859 6 22 3
fn=__init__:111
111 8 16 2
112 8 19 2
113 8 16 2
114 6 10 1
115 8 15 1
116 8 17 2
fn=get:254
254 44 78 1
255 44 82 1
256 44 223 5
cfl=/usr/lib/python3.8/sre_parse.py
cfn=__next:233
calls=44 233
256 44 555 12
257 44 74 1
fn=append:172
172 17 32 1
173 17 34 2
fn=match:249
249 35 62 1
250 35 65 1
251 6 34 5
cfl=/usr/lib/python3.8/sre_parse.py
cfn=__next:233
calls=6 233
251 6 75 12
252 6 11 1
253 29 49 1
fn=opengroup:84
84 2 5 2
85 2 13 6
cfl=/usr/lib/python3.8/sre_parse.py
cfn=groups:81
calls=2 81
85 2 8 4
86 2 4 2
87 2 11 5
cfl=/usr/lib/python3.8/sre_parse.py
cfn=groups:81
calls=2 81
87 2 5 2
89 2 4 2
95 2 6 3
fn=groups:81
81 12 16 1
83 12 24 2
fn=_uniq:432
432 2 5 2
433 2 9 4
fn=__len__:160
160 12 22 1
161 12 23 1
fn=__getitem__:164
164 35 59 1
165 35 70 2
166 2 13 6
cfl=/usr/lib/python3.8/sre_parse.py
cfn=__init__:111
calls=2 111
166 2 18 9
167 33 61 1
fn=__setitem__:168
168 2 4 2
169 2 5 2
fn=closegroup:96
96 2 4 2
97 2 13 6
cfl=/usr/lib/python3.8/sre_parse.py
cfn=getwidth:174
calls=2 174
97 2 178 89
fn=getwidth:174
174 10 19 1
176 10 24 2
177 2 4 2
178 8 18 2
179 27 58 2
180 19 40 2
189 19 39 2
193 19 37 1
194 2 14 7
cfl=/usr/lib/python3.8/sre_parse.py
cfn=getwidth:174
calls=2 174
194 2 12 6
195 2 4 2
196 2 5 2
197 17 36 2
198 2 45 22
cfl=/usr/lib/python3.8/sre_parse.py
cfn=getwidth:174
calls=2 174
198 2 64 32
199 2 6 3
200 2 5 2
201 15 29 1
202 14 29 2
203 14 28 2
204 1 2 2
208 1 3 3
218 1 2 2
220 8 24 3
221 8 17 2
fn=fix_flags:921
921 4 8 2
923 4 9 2
924 3 6 2
926 3 7 2
927 3 6 2
931 1 2 2
933 1 2 2
935 4 8 2
fn=_class_escape:295
295 6 18 3
297 6 16 2
298 6 13 2
299 1 2 2
300 5 11 2
301 5 11 2
303 5 11 2
304 5 11 2
305 5 11 2
311 5 9 1
317 5 10 2
325 5 10 2
337 5 10 2
345 5 11 2
347 5 10 2
348 5 11 2
350 5 11 2
fl=<frozen importlib._bootstrap>
fn=_find_and_load:986
986 13 106 8
988 13 146 11
cfl=<frozen importlib._bootstrap>
cfn=__init__:143
calls=13 143
988 13 77 5
cfl=<frozen importlib._bootstrap>
cfn=__enter__:147
calls=13 147
988 13 1052 80
989 13 32 2
990 13 26 2
991 13 193 14
cfl=<frozen importlib._bootstrap>
cfn=_find_and_load_unlocked:956
calls=13 956
991 13 100240 7710
cfl=<frozen importlib._bootstrap>
cfn=__exit__:151
calls=13 151
991 13 328 25
cfl=<frozen importlib._bootstrap>
cfn=cb:176
calls=13 176
991 13 143 11
fn=__init__:143
143 13 21 1
144 13 31 2
145 13 25 1
fn=__enter__:147
147 13 19 1
148 13 77 5
cfl=<frozen importlib._bootstrap>
cfn=_get_module_lock:157
calls=13 157
148 13 611 47
149 13 72 5
cfl=<frozen importlib._bootstrap>
cfn=acquire:78
calls=13 78
149 13 272 20
fn=_get_module_lock:157
157 13 21 1
163 13 31 2
164 13 24 1
165 13 26 2
166 13 37 2
167 13 29 2
168 13 27 2
170 13 25 1
171 13 24 1
174 13 79 6
cfl=<frozen importlib._bootstrap>
cfn=__init__:58
calls=13 58
174 13 169 13
176 13 29 2
187 13 30 2
189 13 27 2
191 13 25 1
fn=__init__:58
58 13 21 1
59 13 30 2
60 13 26 2
61 13 24 1
62 13 21 1
63 13 22 1
64 13 22 1
fn=cb:176
176 13 18 1
177 13 27 2
178 13 21 1
182 13 25 1
183 13 24 1
185 13 25 1
fn=acquire:78
78 13 22 1
84 13 26 2
85 13 26 2
86 13 22 1
88 13 26 2
89 13 22 1
90 13 24 1
91 13 24 1
92 26 50 1
101 13 25 1
fn=_find_and_load_unlocked:956
956 13 26 2
957 13 30 2
958 13 33 2
959 13 28 2
960 4 8 2
963 4 10 2
965 4 10 2
966 4 8 2
967 4 9 2
971 13 89 6
cfl=<frozen importlib._bootstrap>
cfn=_find_spec:890
calls=13 890
971 13 11087 852
972 13 29 2
975 13 87 6
cfl=<frozen importlib._bootstrap>
cfn=_load_unlocked:650
calls=13 650
975 13 98445 7572
976 13 29 2
978 4 9 2
979 4 14 3
980 13 28 2
fn=_find_spec:890
890 13 27 2
892 13 32 2
893 13 29 2
898 13 28 2
904 13 30 2
905 35 78 2
906 35 200 5
cfl=<frozen importlib._bootstrap>
cfn=__enter__:863
calls=35 863
906 35 115 3
907 35 72 2
908 35 77 2
914 35 343 9
cfl=<frozen importlib._bootstrap>
cfn=find_spec:725
calls=13 725
914 13 274 21
cfl=<frozen importlib._bootstrap>
cfn=__exit__:867
calls=35 867
914 35 127 3
cfl=<frozen importlib._bootstrap>
cfn=find_spec:800
calls=11 800
914 11 61 5
cfl=<frozen importlib._bootstrap_external>
cfn=find_spec:1334
calls=11 1334
914 11 9454 859
915 35 76 2
917 13 30 2
932 13 27 2
fn=__enter__:863
863 35 47 1
865 35 67 1
fn=find_spec:725
725 13 20 1
727 13 24 1
728 4 7 1
729 9 26 2
730 2 13 6
cfl=<frozen importlib._bootstrap>
cfn=spec_from_loader:406
calls=2 406
730 2 167 83
732 7 13 1
fn=__exit__:867
867 35 51 1
869 35 75 2
fn=find_spec:800
800 11 16 1
802 11 23 2
805 11 20 1
fn=_verbose_message:222
222 153 797 5
224 153 324 2
fn=__init__:342
342 13 22 1
344 13 28 2
345 13 27 2
346 13 24 1
347 13 25 1
348 13 24 1
351 13 25 1
352 13 24 1
fn=_load_unlocked:650
650 13 21 1
652 13 26 2
654 13 30 2
657 13 73 5
cfl=<frozen importlib._bootstrap>
cfn=module_from_spec:549
calls=13 549
657 13 3669 282
662 13 26 2
663 13 24 1
664 13 26 2
665 13 24 1
666 13 23 1
671 13 85 6
cfl=<frozen importlib._bootstrap_external>
cfn=exec_module:777
calls=9 777
671 9 98091 10899
cfl=<frozen importlib._bootstrap_external>
cfn=exec_module:1107
calls=2 1107
671 2 52 26
cfl=<frozen importlib._bootstrap>
cfn=exec_module:754
calls=2 754
671 2 22 11
682 13 35 2
683 13 29 2
684 13 82 6
cfl=<frozen importlib._bootstrap>
cfn=_verbose_message:222
calls=13 222
684 13 51 3
686 13 28 2
688 13 24 1
fn=module_from_spec:549
549 13 20 1
552 13 24 1
553 13 28 2
556 13 74 5
cfl=<frozen importlib._bootstrap_external>
cfn=create_module:774
calls=9 774
556 9 30 3
cfl=<frozen importlib._bootstrap_external>
cfn=create_module:1099
calls=2 1099
556 2 1191 595
cfl=<frozen importlib._bootstrap>
cfn=create_module:746
calls=2 746
556 2 77 38
560 13 26 2
561 9 48 5
cfl=<frozen importlib._bootstrap>
cfn=_new_module:35
calls=9 35
561 9 34 3
562 13 78 6
cfl=<frozen importlib._bootstrap>
cfn=_init_module_attrs:477
calls=13 477
562 13 2010 154
563 13 24 1
fn=_new_module:35
35 9 11 1
36 9 22 2
fn=_init_module_attrs:477
477 13 23 1
481 13 32 2
487 13 28 2
488 13 26 2
489 13 25 1
510 13 24 1
511 13 26 2
515 13 25 1
516 13 24 1
517 13 77 5
cfl=<frozen importlib._bootstrap>
cfn=parent:389
calls=13 389
517 13 71 5
521 13 26 2
522 13 25 1
526 13 46 3
527 13 26 2
533 13 70 5
cfl=<frozen importlib._bootstrap>
cfn=has_location:397
calls=13 397
533 13 44 3
534 11 29 2
535 9 18 2
536 9 18 2
540 11 28 2
541 11 63 5
cfl=<frozen importlib._bootstrap>
cfn=cached:376
calls=11 376
541 11 1087 98
542 9 19 2
543 9 50 5
cfl=<frozen importlib._bootstrap>
cfn=cached:376
calls=9 376
543 9 44 4
546 13 26 2
fn=parent:389
389 13 17 1
392 13 24 1
393 13 29 2
fn=has_location:397
397 13 20 1
399 13 23 1
fn=cached:376
376 20 26 1
378 20 37 1
379 11 20 1
380 11 18 1
382 11 67 6
cfl=<frozen importlib._bootstrap_external>
cfn=_get_cached:424
calls=11 424
382 11 923 83
383 20 36 1
fn=_call_with_frames_removed:211
211 17 29 1
219 17 1360 80
cfl=/usr/lib/python3.8/uu.py
cfn=<module>:27
calls=1 27
219 1 87 87
cfl=/usr/lib/python3.8/email/_encoded_words.py
cfn=<module>:1
calls=1 1
219 1 3868 3868
cfl=/usr/lib/python3.8/email/iterators.py
cfn=<module>:5
calls=1 5
219 1 44 44
cfl=/usr/lib/python3.8/email/message.py
cfn=<module>:5
calls=1 5
219 1 13277 13277
cfl=/usr/lib/python3.8/email/generator.py
cfn=<module>:5
calls=1 5
219 1 2003 2003
cfl=/usr/lib/python3.8/hashlib.py
cfn=<module>:5
calls=1 5
219 1 1685 1685
cfl=/usr/lib/python3.8/hmac.py
cfn=<module>:1
calls=1 1
219 1 10266 10266
cfl=/usr/lib/python3.8/ssl.py
cfn=<module>:4
calls=1 4
219 1 59724 59724
cfl=/usr/lib/python3.8/smtplib.py
cfn=<module>:3
calls=1 3
219 1 96870 96870
fn=__exit__:151
151 13 20 1
152 13 80 6
cfl=<frozen importlib._bootstrap>
cfn=release:103
calls=13 103
152 13 226 17
fn=release:103
103 13 19 1
104 13 29 2
105 13 29 2
106 13 23 1
108 13 25 1
109 13 24 1
110 13 23 1
111 13 22 1
112 13 29 2
fn=_handle_fromlist:1017
1017 5 58 11
1027 10 27 2
1028 5 13 2
1035 5 13 2
1039 5 13 2
1051 5 10 2
fn=spec_from_loader:406
406 2 4 2
408 2 7 3
419 2 4 2
420 2 6 3
421 2 4 2
422 2 14 7
cfl=<frozen importlib._bootstrap>
cfn=_requires_builtin_wrapper:232
calls=2 232
422 2 77 38
429 2 17 8
cfl=<frozen importlib._bootstrap>
cfn=__init__:342
calls=2 342
429 2 30 15
fn=_requires_builtin_wrapper:232
232 2 3 1
233 2 5 2
236 2 59 29
cfl=<frozen importlib._bootstrap>
cfn=is_package:771
calls=2 771
236 2 9 4
fn=is_package:771
771 2 4 2
775 2 5 2
fn=create_module:746
746 2 7 3
749 2 6 3
752 2 15 7
cfl=<frozen importlib._bootstrap>
cfn=_call_with_frames_removed:211
calls=2 211
752 2 48 24
fn=exec_module:754
754 2 3 1
757 2 12 6
cfl=<frozen importlib._bootstrap>
cfn=_call_with_frames_removed:211
calls=2 211
757 2 7 3
fl=/usr/lib/python3.8/sre_compile.py
fn=isstring:595
595 8 13 1
596 8 21 2
fn=compile:759
759 4 8 2
762 4 27 6
cfl=/usr/lib/python3.8/sre_compile.py
cfn=isstring:595
calls=4 595
762 4 13 3
763 4 9 2
764 4 29 7
cfl=/usr/lib/python3.8/sre_parse.py
cfn=parse:937
calls=4 937
764 4 6269 1567
768 4 26 6
cfl=/usr/lib/python3.8/sre_compile.py
cfn=_code:598
calls=4 598
768 4 3473 868
770 4 10 2
775 4 9 2
776 4 25 6
cfl=/usr/lib/python3.8/sre_parse.py
cfn=groups:81
calls=4 81
776 4 14 3
777 4 13 3
780 8 22 2
781 4 10 2
782 4 23 5
cfl=/usr/lib/python3.8/sre_parse.py
cfn=groups:81
calls=4 81
782 4 12 3
783 4 9 2
fn=_code:598
598 4 7 1
600 4 8 2
601 4 7 1
604 4 26 6
cfl=/usr/lib/python3.8/sre_compile.py
cfn=_compile_info:536
calls=4 536
604 4 1433 358
607 4 31 7
cfl=/usr/lib/python3.8/sre_compile.py
cfn=_compile:71
calls=4 71
607 4 1940 485
609 4 9 2
611 4 7 1
fn=_compile_info:536
536 4 9 2
540 4 29 7
cfl=/usr/lib/python3.8/sre_parse.py
cfn=getwidth:174
calls=4 174
540 4 321 80
541 4 11 2
543 4 10 2
547 4 10 2
548 4 10 2
549 4 9 2
550 4 10 2
552 4 29 7
cfl=/usr/lib/python3.8/sre_compile.py
cfn=_get_literal_prefix:461
calls=4 461
552 4 243 60
554 4 12 3
555 3 26 8
cfl=/usr/lib/python3.8/sre_compile.py
cfn=_get_charset_prefix:492
calls=3 492
555 3 106 35
561 4 12 3
562 4 10 2
563 4 12 3
565 4 9 2
566 4 8 2
567 1 2 2
568 1 2 2
570 3 5 1
571 1 2 2
572 4 9 2
574 4 9 2
575 4 8 2
579 4 10 2
581 4 8 2
582 1 2 2
583 1 2 2
585 1 2 2
586 1 2 2
588 1 8 8
cfl=/usr/lib/python3.8/sre_compile.py
cfn=_generate_overlap_table:432
calls=1 432
588 1 11 11
589 3 5 1
590 1 9 9
cfl=/usr/lib/python3.8/sre_compile.py
cfn=_optimize_charset:276
calls=1 276
590 1 390 390
591 1 3 3
592 1 7 7
cfl=/usr/lib/python3.8/sre_compile.py
cfn=_compile_charset:249
calls=1 249
592 1 22 22
593 4 10 2
fn=_get_literal_prefix:461
461 5 13 2
463 5 15 3
464 5 13 2
465 5 12 2
466 5 34 6
cfl=/usr/lib/python3.8/sre_compile.py
cfn=_get_iscased:453
calls=5 453
466 5 32 6
467 6 16 2
468 6 15 2
469 2 5 2
470 1 2 2
471 1 2 2
472 4 9 2
473 1 3 3
474 1 9 9
cfl=/usr/lib/python3.8/sre_compile.py
cfn=_combine_flags:65
calls=1 65
474 1 7 7
475 1 2 2
477 1 10 10
cfl=/usr/lib/python3.8/sre_compile.py
cfn=_get_literal_prefix:461
calls=1 461
477 1 35 35
478 1 2 2
479 1 2 2
480 1 2 2
483 1 2 2
484 1 2 2
485 1 2 2
487 3 6 2
490 5 13 2
fn=_get_iscased:453
453 8 12 1
454 8 15 1
455 6 12 2
456 2 3 1
457 2 5 2
fn=_combine_flags:65
65 3 6 2
67 3 6 2
69 3 7 2
fn=_generate_overlap_table:432
432 1 2 2
441 1 3 3
442 1 2 2
451 1 2 2
fn=_compile:71
71 8 28 3
73 8 30 3
74 8 28 3
75 8 28 3
76 8 26 3
77 8 24 3
78 8 25 3
79 8 24 3
80 8 26 3
81 8 24 3
82 8 25 3
83 3 9 3
84 3 9 3
85 3 9 3
86 3 10 3
90 27 121 4
cfl=/usr/lib/python3.8/sre_parse.py
cfn=__getitem__:164
calls=8 164
90 8 46 5
91 19 56 2
92 11 32 2
93 6 17 2
94 6 18 3
95 5 14 2
98 5 15 3
99 1 2 2
100 1 3 3
102 4 12 3
103 4 12 3
106 4 11 2
107 4 12 3
108 4 12 3
119 8 23 2
120 2 19 9
cfl=/usr/lib/python3.8/sre_compile.py
cfn=_optimize_charset:276
calls=2 276
120 2 733 366
121 2 8 4
123 2 6 3
124 2 6 3
129 2 6 3
130 2 17 8
cfl=/usr/lib/python3.8/sre_compile.py
cfn=_compile_charset:249
calls=2 249
130 2 53 26
131 2 7 3
132 6 17 2
133 1 3 3
136 1 3 3
137 5 15 3
138 2 5 2
140 2 17 8
cfl=/usr/lib/python3.8/sre_compile.py
cfn=_simple:423
calls=2 423
140 2 55 27
141 2 6 3
142 2 8 4
145 2 6 3
146 2 6 3
147 2 6 3
148 2 19 9
cfl=/usr/lib/python3.8/sre_compile.py
cfn=_compile:71
calls=2 71
148 2 584 292
149 2 11 5
150 2 6 3
162 3 9 3
163 2 6 3
164 2 6 3
165 2 6 3
166 2 6 3
168 2 29 14
cfl=/usr/lib/python3.8/sre_compile.py
cfn=_combine_flags:65
calls=2 65
168 2 13 6
cfl=/usr/lib/python3.8/sre_compile.py
cfn=_compile:71
calls=2 71
168 2 310 155
169 2 6 3
170 2 6 3
171 2 6 3
172 1 2 2
174 1 3 3
187 1 3 3
193 1 3 3
194 1 3 3
195 1 5 5
196 1 4 4
197 1 3 3
199 1 3 3
200 1 3 3
201 1 3 3
fn=_simple:423
423 2 3 1
425 2 13 6
cfl=/usr/lib/python3.8/sre_parse.py
cfn=__len__:160
calls=2 160
425 2 6 3
427 2 11 5
cfl=/usr/lib/python3.8/sre_parse.py
cfn=__getitem__:164
calls=2 164
427 2 10 5
428 2 4 2
430 2 5 2
fn=_optimize_charset:276
276 3 10 3
278 3 10 3
279 3 9 3
280 3 10 3
281 3 9 3
282 38 95 2
284 35 86 2
285 35 87 2
286 32 76 2
295 32 82 2
296 3 8 2
297 3 9 3
298 3 8 2
311 25 63 2
312 22 56 2
331 35 84 2
334 3 8 2
335 3 8 2
337 9 26 2
338 9 22 2
340 9 22 2
341 3 7 2
342 3 7 2
343 6 15 2
344 6 14 2
347 6 15 2
348 3 9 3
363 3 7 2
364 3 23 7
cfl=/usr/lib/python3.8/sre_compile.py
cfn=_mk_bitmap:411
calls=3 411
364 3 196 65
365 3 10 3
366 3 8 2
367 3 8 2
fn=_mk_bitmap:411
411 3 7 2
412 3 10 3
413 6 27 4
cfl=/usr/lib/python3.8/sre_compile.py
cfn=<listcomp>:413
calls=3 413
413 3 142 47
414 3 8 2
fn=<listcomp>:413
413 54 101 1
414 24 41 1
fn=_compile_charset:249
249 3 8 2
251 3 7 2
252 6 15 2
253 3 7 2
254 3 5 1
256 3 6 2
258 3 6 2
261 3 6 2
262 3 6 2
274 3 5 1
fn=_get_charset_prefix:492
492 3 8 2
494 3 8 2
496 3 7 2
497 3 6 2
498 3 6 2
504 3 19 6
cfl=/usr/lib/python3.8/sre_compile.py
cfn=_get_iscased:453
calls=3 453
504 3 16 5
505 3 7 2
506 1 1 1
507 1 2 2
509 2 5 2
521 2 4 2
522 1 2 2
523 1 2 2
533 1 2 2
534 1 1 1
fl=/usr/lib/python3.8/hmac.py
fn=<module>:1
1 2 20 10
6 1 4 4
7 1 7 7
8 1 4 4
9 1 15 15
cfl=<frozen importlib._bootstrap>
cfn=_find_and_load:986
calls=1 986
9 1 2083 2083
14 1 5 5
15 1 13 13
cfl=<frozen importlib._bootstrap>
cfn=_find_and_load:986
calls=1 986
15 1 3626 3626
17 1 1215 1215
cfl=/usr/lib/python3.8/hmac.py
cfn=<genexpr>:17
calls=257 17
17 257 995 3
18 1 1209 1209
cfl=/usr/lib/python3.8/hmac.py
cfn=<genexpr>:18
calls=257 18
18 257 979 3
22 1 4 4
26 1 25 25
cfl=/usr/lib/python3.8/hmac.py
cfn=HMAC:26
calls=1 26
26 1 45 45
136 1 4 4
156 1 6 6
fn=<genexpr>:17
17 514 995 1
fn=<genexpr>:18
18 514 979 1
fn=HMAC:26
26 2 10 5
27 1 2 2
31 1 3 3
33 1 3 3
90 1 3 3
91 1 4 4
94 1 3 3
98 1 3 3
111 1 3 3
120 1 4 4
130 1 3 3
fl=/usr/lib/python3.8/collections/__init__.py
fn=namedtuple:313
313 2 43 21
339 2 20 10
340 2 12 6
341 2 13 6
342 2 10 5
344 2 10 5
354 14 57 4
355 12 46 3
357 12 48 4
360 12 45 3
364 2 7 3
365 12 46 3
366 10 39 3
369 10 37 3
371 10 38 3
373 2 7 3
374 2 8 4
382 2 12 6
383 2 9 4
384 2 15 7
385 2 69 34
cfl=/usr/lib/python3.8/collections/__init__.py
cfn=<genexpr>:385
calls=12 385
385 12 53 4
386 2 9 4
387 2 10 5
391 2 9 4
392 2 8 4
394 2 119 59
cfl=<string>
cfn=<module>:1
calls=1 1
394 1 11 11
cfl=<string>_0
cfn=<module>:1
calls=1 1
394 1 12 12
395 2 9 4
396 2 9 4
397 2 7 3
400 2 7 3
401 2 8 4
407 2 9 4
410 2 8 4
416 2 8 4
419 2 7 3
423 2 7 3
427 2 7 3
432 16 52 3
433 2 9 4
434 12 40 3
438 2 9 4
439 2 6 3
440 2 7 3
441 2 6 3
442 2 9 4
444 2 7 3
445 2 6 3
446 2 7 3
447 2 8 4
448 2 6 3
449 2 6 3
450 2 6 3
452 12 40 3
453 10 36 3
454 10 33 3
456 2 57 28
463 2 10 5
464 2 8 4
465 2 10 5
468 2 10 5
469 2 8 4
471 2 6 3
fn=<genexpr>:385
385 24 53 2
fl=./send_reminder.py
fn=<module>:5
5 2 24 12
6 1 5 5
7 1 12 12
cfl=<frozen importlib._bootstrap>
cfn=_find_and_load:986
calls=1 986
7 1 100445 100445
8 1 5 5
11 1 3 3
24 1 2 2
40 1 5 5
50 1 3 3
fl=<string>
fn=<module>:1
1 2 11 5
fl=<string>_0
fn=<module>:1
1 2 12 6
fn=__new__:1
1 8 16 2
fl=/usr/lib/python3.8/types.py
fn=__get__:171
171 2 4 2
172 2 9 4
176 2 6 3
178 2 14 7
cfl=/usr/lib/python3.8/enum.py
cfn=value:664
calls=2 664
178 2 10 5
fl=/usr/lib/python3.8/ssl.py
fn=<module>:4
4 2 74 37
93 1 13 13
94 1 21 21
95 1 56 56
cfl=<frozen importlib._bootstrap>
cfn=_handle_fromlist:1017
calls=1 1017
95 1 37 37
96 1 23 23
98 1 61 61
cfl=<frozen importlib._bootstrap>
cfn=_find_and_load:986
calls=1 986
98 1 2426 2426
100 1 25 25
101 1 22 22
102 1 24 24
106 1 21 21
107 1 22 22
108 1 20 20
109 1 27 27
110 1 21 21
112 1 20 20
115 1 22 22
119 1 21 21
122 2 81 40
cfl=/usr/lib/python3.8/enum.py
cfn=_convert_:439
calls=1 439
122 1 3986 3986
123 1 19 19
124 1 20 20
125 1 22 22
127 2 76 38
cfl=/usr/lib/python3.8/enum.py
cfn=_convert_:439
calls=1 439
127 1 5407 5407
128 1 21 21
129 1 20 20
130 1 20 20
132 2 74 37
cfl=/usr/lib/python3.8/enum.py
cfn=_convert_:439
calls=1 439
132 1 8863 8863
133 1 21 21
134 1 21 21
135 1 20 20
137 2 82 41
cfl=/usr/lib/python3.8/enum.py
cfn=_convert_:439
calls=1 439
137 1 4336 4336
138 1 21 21
139 1 20 20
140 1 20 20
142 2 74 37
cfl=/usr/lib/python3.8/enum.py
cfn=_convert_:439
calls=1 439
142 1 3575 3575
143 1 21 21
144 1 20 20
145 1 19 19
147 2 73 36
cfl=/usr/lib/python3.8/enum.py
cfn=_convert_:439
calls=1 439
147 1 3118 3118
148 1 21 21
149 1 20 20
150 1 20 20
152 1 45 45
cfl=/usr/lib/python3.8/enum.py
cfn=__setattr__:373
calls=1 373
152 1 28 28
153 1 85 85
cfl=/usr/lib/python3.8/enum.py
cfn=__members__:357
calls=1 357
153 1 22 22
cfl=/usr/lib/python3.8/ssl.py
cfn=<dictcomp>:153
calls=1 153
153 1 36 36
155 1 54 54
cfl=/usr/lib/python3.8/enum.py
cfn=__getattr__:332
calls=1 332
155 1 47 47
158 1 133 133
cfl=/usr/lib/python3.8/enum.py
cfn=__prepare__:124
calls=1 124
158 1 128 128
cfl=/usr/lib/python3.8/ssl.py
cfn=TLSVersion:158
calls=1 158
158 1 622 622
cfl=/usr/lib/python3.8/enum.py
cfn=__new__:134
calls=1 134
158 1 1641 1641
168 1 133 133
cfl=/usr/lib/python3.8/enum.py
cfn=__prepare__:124
calls=1 124
168 1 122 122
cfl=/usr/lib/python3.8/ssl.py
cfn=_TLSContentType:168
calls=1 168
168 1 556 556
cfl=/usr/lib/python3.8/enum.py
cfn=__new__:134
calls=1 134
168 1 1461 1461
182 1 139 139
cfl=/usr/lib/python3.8/enum.py
cfn=__prepare__:124
calls=1 124
182 1 120 120
cfl=/usr/lib/python3.8/ssl.py
cfn=_TLSAlertType:182
calls=1 182
182 1 2447 2447
cfl=/usr/lib/python3.8/enum.py
cfn=__new__:134
calls=1 134
182 1 6732 6732
223 1 135 135
cfl=/usr/lib/python3.8/enum.py
cfn=__prepare__:124
calls=1 124
223 1 125 125
cfl=/usr/lib/python3.8/ssl.py
cfn=_TLSMessageType:223
calls=1 223
223 1 1621 1621
cfl=/usr/lib/python3.8/enum.py
cfn=__new__:134
calls=1 134
223 1 3930 3930
252 1 22 22
255 1 27 27
256 1 22 22
257 1 20 20
258 1 20 20
259 1 21 21
260 1 20 20
263 1 20 20
265 1 19 19
267 1 20 20
270 1 19 19
272 1 19 19
275 1 22 22
324 1 25 25
359 1 23 23
371 1 20 20
428 2 89 44
cfl=/usr/lib/python3.8/collections/__init__.py
cfn=namedtuple:313
calls=1 313
428 1 808 808
429 1 19 19
432 1 12 12
446 1 113 113
cfl=/usr/lib/python3.8/collections/__init__.py
cfn=namedtuple:313
calls=1 313
446 1 532 532
cfl=/usr/lib/python3.8/ssl.py
cfn=_ASN1Object:446
calls=1 446
446 1 47 47
467 1 134 134
cfl=/usr/lib/python3.8/enum.py
cfn=__prepare__:124
calls=1 124
467 1 121 121
cfl=/usr/lib/python3.8/ssl.py
cfn=Purpose:467
calls=1 467
467 1 307 307
cfl=/usr/lib/python3.8/enum.py
cfn=__new__:134
calls=1 134
467 1 1174 1174
474 1 91 91
cfl=/usr/lib/python3.8/ssl.py
cfn=SSLContext:474
calls=1 474
474 1 307 307
723 2 58 29
724 1 37 37
758 2 34 17
759 1 61 61
760 1 36 36
761 1 20 20
805 1 11 11
809 1 20 20
812 1 67 67
cfl=/usr/lib/python3.8/ssl.py
cfn=SSLObject:812
calls=1 812
812 1 171 171
965 1 21 21
971 1 83 83
cfl=/usr/lib/python3.8/ssl.py
cfn=SSLSocket:971
calls=1 971
971 1 1205 1205
1381 1 22 22
1382 1 21 21
1385 2 42 21
1386 1 20 20
1387 1 20 20
1388 1 19 19
1389 1 20 20
1390 1 20 20
1413 1 11 11
1443 1 20 20
1444 1 20 20
1446 1 20 20
1456 1 19 19
1469 1 20 20
1488 1 20 20
fn=<lambda>:124
124 244 351 1
fn=<lambda>:129
129 244 346 1
fn=<lambda>:134
134 244 342 1
fn=<lambda>:139
139 244 350 1
fn=<lambda>:144
144 244 347 1
fn=<lambda>:149
149 244 354 1
fn=<dictcomp>:153
153 8 36 4
fn=TLSVersion:158
158 2 32 16
cfl=/usr/lib/python3.8/enum.py
cfn=__setitem__:65
calls=2 65
158 2 94 47
159 1 10 10
cfl=/usr/lib/python3.8/enum.py
cfn=__setitem__:65
calls=1 65
159 1 92 92
160 1 8 8
cfl=/usr/lib/python3.8/enum.py
cfn=__setitem__:65
calls=1 65
160 1 60 60
161 1 7 7
cfl=/usr/lib/python3.8/enum.py
cfn=__setitem__:65
calls=1 65
161 1 57 57
162 1 7 7
cfl=/usr/lib/python3.8/enum.py
cfn=__setitem__:65
calls=1 65
162 1 56 56
163 1 7 7
cfl=/usr/lib/python3.8/enum.py
cfn=__setitem__:65
calls=1 65
163 1 56 56
164 1 10 10
cfl=/usr/lib/python3.8/enum.py
cfn=__setitem__:65
calls=1 65
164 1 56 56
165 1 6 6
cfl=/usr/lib/python3.8/enum.py
cfn=__setitem__:65
calls=1 65
165 1 56 56
fn=_TLSContentType:168
168 2 33 16
cfl=/usr/lib/python3.8/enum.py
cfn=__setitem__:65
calls=2 65
168 2 86 43
169 1 6 6
cfl=/usr/lib/python3.8/enum.py
cfn=__setitem__:65
calls=1 65
169 1 40 40
173 1 7 7
cfl=/usr/lib/python3.8/enum.py
cfn=__setitem__:65
calls=1 65
173 1 58 58
174 1 6 6
cfl=/usr/lib/python3.8/enum.py
cfn=__setitem__:65
calls=1 65
174 1 58 58
175 1 8 8
cfl=/usr/lib/python3.8/enum.py
cfn=__setitem__:65
calls=1 65
175 1 57 57
176 1 6 6
cfl=/usr/lib/python3.8/enum.py
cfn=__setitem__:65
calls=1 65
176 1 57 57
178 1 8 8
cfl=/usr/lib/python3.8/enum.py
cfn=__setitem__:65
calls=1 65
178 1 57 57
179 1 7 7
cfl=/usr/lib/python3.8/enum.py
cfn=__setitem__:65
calls=1 65
179 1 56 56
fn=_TLSAlertType:182
182 2 34 17
cfl=/usr/lib/python3.8/enum.py
cfn=__setitem__:65
calls=2 65
182 2 87 43
183 1 7 7
cfl=/usr/lib/python3.8/enum.py
cfn=__setitem__:65
calls=1 65
183 1 40 40
187 1 8 8
cfl=/usr/lib/python3.8/enum.py
cfn=__setitem__:65
calls=1 65
187 1 59 59
188 1 7 7
cfl=/usr/lib/python3.8/enum.py
cfn=__setitem__:65
calls=1 65
188 1 58 58
189 1 8 8
cfl=/usr/lib/python3.8/enum.py
cfn=__setitem__:65
calls=1 65
189 1 58 58
190 1 40 40
cfl=/usr/lib/python3.8/enum.py
cfn=__setitem__:65
calls=1 65
190 1 58 58
191 1 9 9
cfl=/usr/lib/python3.8/enum.py
cfn=__setitem__:65
calls=1 65
191 1 60 60
192 1 8 8
cfl=/usr/lib/python3.8/enum.py
cfn=__setitem__:65
calls=1 65
192 1 58 58
193 1 8 8
cfl=/usr/lib/python3.8/enum.py
cfn=__setitem__:65
calls=1 65
193 1 57 57
194 1 8 8
cfl=/usr/lib/python3.8/enum.py
cfn=__setitem__:65
calls=1 65
194 1 57 57
195 1 7 7
cfl=/usr/lib/python3.8/enum.py
cfn=__setitem__:65
calls=1 65
195 1 57 57
196 1 7 7
cfl=/usr/lib/python3.8/enum.py
cfn=__setitem__:65
calls=1 65
196 1 57 57
197 1 8 8
cfl=/usr/lib/python3.8/enum.py
cfn=__setitem__:65
calls=1 65
197 1 59 59
198 1 9 9
cfl=/usr/lib/python3.8/enum.py
cfn=__setitem__:65
calls=1 65
198 1 57 57
199 1 8 8
cfl=/usr/lib/python3.8/enum.py
cfn=__setitem__:65
calls=1 65
199 1 56 56
200 1 7 7
cfl=/usr/lib/python3.8/enum.py
cfn=__setitem__:65
calls=1 65
200 1 56 56
201 1 7 7
cfl=/usr/lib/python3.8/enum.py
cfn=__setitem__:65
calls=1 65
201 1 58 58
202 1 7 7
cfl=/usr/lib/python3.8/enum.py
cfn=__setitem__:65
calls=1 65
202 1 57 57
203 1 8 8
cfl=/usr/lib/python3.8/enum.py
cfn=__setitem__:65
calls=1 65
203 1 59 59
204 1 7 7
cfl=/usr/lib/python3.8/enum.py
cfn=__setitem__:65
calls=1 65
204 1 58 58
205 1 7 7
cfl=/usr/lib/python3.8/enum.py
cfn=__setitem__:65
calls=1 65
205 1 57 57
206 1 7 7
cfl=/usr/lib/python3.8/enum.py
cfn=__setitem__:65
calls=1 65
206 1 57 57
207 1 7 7
cfl=/usr/lib/python3.8/enum.py
cfn=__setitem__:65
calls=1 65
207 1 57 57
208 1 7 7
cfl=/usr/lib/python3.8/enum.py
cfn=__setitem__:65
calls=1 65
208 1 57 57
209 1 7 7
cfl=/usr/lib/python3.8/enum.py
cfn=__setitem__:65
calls=1 65
209 1 57 57
210 1 7 7
cfl=/usr/lib/python3.8/enum.py
cfn=__setitem__:65
calls=1 65
210 1 57 57
211 1 14 14
cfl=/usr/lib/python3.8/enum.py
cfn=__setitem__:65
calls=1 65
211 1 57 57
212 1 8 8
cfl=/usr/lib/python3.8/enum.py
cfn=__setitem__:65
calls=1 65
212 1 57 57
213 1 7 7
cfl=/usr/lib/python3.8/enum.py
cfn=__setitem__:65
calls=1 65
213 1 56 56
214 1 8 8
cfl=/usr/lib/python3.8/enum.py
cfn=__setitem__:65
calls=1 65
214 1 56 56
215 1 7 7
cfl=/usr/lib/python3.8/enum.py
cfn=__setitem__:65
calls=1 65
215 1 57 57
216 1 7 7
cfl=/usr/lib/python3.8/enum.py
cfn=__setitem__:65
calls=1 65
216 1 57 57
217 1 7 7
cfl=/usr/lib/python3.8/enum.py
cfn=__setitem__:65
calls=1 65
217 1 57 57
218 1 7 7
cfl=/usr/lib/python3.8/enum.py
cfn=__setitem__:65
calls=1 65
218 1 58 58
219 1 7 7
cfl=/usr/lib/python3.8/enum.py
cfn=__setitem__:65
calls=1 65
219 1 57 57
220 1 7 7
cfl=/usr/lib/python3.8/enum.py
cfn=__setitem__:65
calls=1 65
220 1 57 57
fn=_TLSMessageType:223
223 2 35 17
cfl=/usr/lib/python3.8/enum.py
cfn=__setitem__:65
calls=2 65
223 2 88 44
224 1 6 6
cfl=/usr/lib/python3.8/enum.py
cfn=__setitem__:65
calls=1 65
224 1 41 41
228 1 7 7
cfl=/usr/lib/python3.8/enum.py
cfn=__setitem__:65
calls=1 65
228 1 59 59
229 1 7 7
cfl=/usr/lib/python3.8/enum.py
cfn=__setitem__:65
calls=1 65
229 1 58 58
230 1 7 7
cfl=/usr/lib/python3.8/enum.py
cfn=__setitem__:65
calls=1 65
230 1 58 58
231 1 7 7
cfl=/usr/lib/python3.8/enum.py
cfn=__setitem__:65
calls=1 65
231 1 57 57
232 1 7 7
cfl=/usr/lib/python3.8/enum.py
cfn=__setitem__:65
calls=1 65
232 1 57 57
233 1 7 7
cfl=/usr/lib/python3.8/enum.py
cfn=__setitem__:65
calls=1 65
233 1 57 57
234 1 7 7
cfl=/usr/lib/python3.8/enum.py
cfn=__setitem__:65
calls=1 65
234 1 58 58
235 1 10 10
cfl=/usr/lib/python3.8/enum.py
cfn=__setitem__:65
calls=1 65
235 1 58 58
236 1 9 9
cfl=/usr/lib/python3.8/enum.py
cfn=__setitem__:65
calls=1 65
236 1 58 58
237 1 9 9
cfl=/usr/lib/python3.8/enum.py
cfn=__setitem__:65
calls=1 65
237 1 57 57
238 1 7 7
cfl=/usr/lib/python3.8/enum.py
cfn=__setitem__:65
calls=1 65
238 1 57 57
239 1 7 7
cfl=/usr/lib/python3.8/enum.py
cfn=__setitem__:65
calls=1 65
239 1 59 59
240 1 7 7
cfl=/usr/lib/python3.8/enum.py
cfn=__setitem__:65
calls=1 65
240 1 57 57
241 1 7 7
cfl=/usr/lib/python3.8/enum.py
cfn=__setitem__:65
calls=1 65
241 1 56 56
242 1 7 7
cfl=/usr/lib/python3.8/enum.py
cfn=__setitem__:65
calls=1 65
242 1 57 57
243 1 7 7
cfl=/usr/lib/python3.8/enum.py
cfn=__setitem__:65
calls=1 65
243 1 57 57
244 1 7 7
cfl=/usr/lib/python3.8/enum.py
cfn=__setitem__:65
calls=1 65
244 1 59 59
245 1 7 7
cfl=/usr/lib/python3.8/enum.py
cfn=__setitem__:65
calls=1 65
245 1 58 58
246 1 7 7
cfl=/usr/lib/python3.8/enum.py
cfn=__setitem__:65
calls=1 65
246 1 57 57
247 1 7 7
cfl=/usr/lib/python3.8/enum.py
cfn=__setitem__:65
calls=1 65
247 1 57 57
248 1 7 7
cfl=/usr/lib/python3.8/enum.py
cfn=__setitem__:65
calls=1 65
248 1 57 57
249 1 7 7
cfl=/usr/lib/python3.8/enum.py
cfn=__setitem__:65
calls=1 65
249 1 57 57
fn=_ASN1Object:446
446 2 26 13
447 1 2 2
449 1 3 3
451 1 3 3
454 1 3 3
455 1 3 3
460 1 2 2
461 1 3 3
fn=__new__:451
451 4 8 2
452 4 47 11
cfl=<string>_0
cfn=__new__:1
calls=4 1
452 4 16 4
fn=Purpose:467
467 2 34 17
cfl=/usr/lib/python3.8/enum.py
cfn=__setitem__:65
calls=2 65
467 2 89 44
468 1 6 6
cfl=/usr/lib/python3.8/enum.py
cfn=__setitem__:65
calls=1 65
468 1 41 41
470 1 7 7
cfl=/usr/lib/python3.8/enum.py
cfn=__setitem__:65
calls=1 65
470 1 61 61
471 1 7 7
cfl=/usr/lib/python3.8/enum.py
cfn=__setitem__:65
calls=1 65
471 1 59 59
fn=SSLContext:474
474 2 30 15
475 1 3 3
477 1 5 5
479 1 5 5
480 1 5 5
482 1 5 5
486 1 5 5
494 1 5 5
510 1 5 5
520 1 7 7
531 1 5 5
544 1 5 5
555 1 5 5
569 1 5 5
577 1 5 5
578 1 5 5
579 1 5 5
582 1 6 6
583 1 5 5
588 1 9 9
589 1 5 5
592 1 5 5
593 1 5 5
596 1 5 5
597 1 6 6
600 1 5 5
601 1 5 5
604 1 5 5
605 1 5 5
606 1 5 5
610 1 5 5
611 1 5 5
621 1 5 5
622 1 23 23
660 1 5 5
661 1 5 5
698 1 11 11
699 1 5 5
702 1 5 5
703 1 6 6
706 1 5 5
707 1 5 5
710 1 5 5
711 1 5 5
718 1 5 5
719 1 5 5
fn=SSLObject:812
812 2 27 13
813 1 3 3
827 1 5 5
833 1 4 4
834 1 4 4
845 1 4 4
846 1 4 4
850 1 4 4
851 1 5 5
854 1 4 4
855 1 4 4
859 1 4 4
860 1 4 4
863 1 5 5
864 1 4 4
868 1 4 4
869 1 4 4
873 1 4 4
874 1 4 4
879 1 4 4
891 1 5 5
899 1 4 4
908 1 4 4
915 1 5 5
922 1 4 4
927 1 4 4
933 1 4 4
938 1 4 4
942 1 4 4
946 1 4 4
950 1 5 5
956 1 4 4
961 1 4 4
fn=_sslcopydoc:965
965 15 68 4
967 15 42 2
968 15 30 2
fn=SSLSocket:971
971 2 35 17
972 1 5 5
976 1 7 7
983 1 8 8
984 1 7 7
1046 1 7 7
1047 1 8 8
1048 1 20 20
cfl=/usr/lib/python3.8/ssl.py
cfn=_sslcopydoc:965
calls=1 965
1048 1 14 14
1051 1 7 7
1052 1 7 7
1056 1 7 7
1057 1 7 7
1058 1 18 18
cfl=/usr/lib/python3.8/ssl.py
cfn=_sslcopydoc:965
calls=1 965
1058 1 11 11
1062 1 7 7
1063 1 7 7
1068 1 7 7
1069 1 7 7
1070 1 18 18
cfl=/usr/lib/python3.8/ssl.py
cfn=_sslcopydoc:965
calls=1 965
1070 1 8 8
1074 1 7 7
1078 1 7 7
1082 1 7 7
1090 1 7 7
1111 1 8 8
1120 1 7 7
1121 1 18 18
cfl=/usr/lib/python3.8/ssl.py
cfn=_sslcopydoc:965
calls=1 965
1121 1 9 9
1126 1 7 7
1127 1 17 17
cfl=/usr/lib/python3.8/ssl.py
cfn=_sslcopydoc:965
calls=1 965
1127 1 8 8
1134 1 7 7
1135 1 405 405
cfl=/usr/lib/python3.8/ssl.py
cfn=_sslcopydoc:965
calls=1 965
1135 1 12 12
1142 1 8 8
1143 1 19 19
cfl=/usr/lib/python3.8/ssl.py
cfn=_sslcopydoc:965
calls=1 965
1143 1 8 8
1150 1 7 7
1151 1 18 18
cfl=/usr/lib/python3.8/ssl.py
cfn=_sslcopydoc:965
calls=1 965
1151 1 8 8
1158 1 7 7
1159 1 18 18
cfl=/usr/lib/python3.8/ssl.py
cfn=_sslcopydoc:965
calls=1 965
1159 1 8 8
1166 1 7 7
1177 1 9 9
1187 1 8 8
1193 1 7 7
1209 1 7 7
1219 1 7 7
1230 1 7 7
1245 1 6 6
1253 1 7 7
1261 1 7 7
1265 1 8 8
1269 1 6 6
1270 1 18 18
cfl=/usr/lib/python3.8/ssl.py
cfn=_sslcopydoc:965
calls=1 965
1270 1 9 9
1277 1 7 7
1282 1 7 7
1283 1 20 20
cfl=/usr/lib/python3.8/ssl.py
cfn=_sslcopydoc:965
calls=1 965
1283 1 8 8
1291 1 9 9
1292 1 18 18
cfl=/usr/lib/python3.8/ssl.py
cfn=_sslcopydoc:965
calls=1 965
1292 1 9 9
1298 1 7 7
1302 1 7 7
1303 1 17 17
cfl=/usr/lib/python3.8/ssl.py
cfn=_sslcopydoc:965
calls=1 965
1303 1 8 8
1313 1 7 7
1339 1 7 7
1344 1 7 7
1349 1 7 7
1361 1 6 6
1362 1 17 17
cfl=/usr/lib/python3.8/ssl.py
cfn=_sslcopydoc:965
calls=1 965
1362 1 8 8
1372 1 7 7
1373 1 20 20
cfl=/usr/lib/python3.8/ssl.py
cfn=_sslcopydoc:965
calls=1 965
1373 1 7 7
fl=<frozen zipimport>
fn=__init__:63
63 1 3 3
64 1 6 6
67 1 3 3
69 1 3 3
72 1 3 3
74 1 3 3
75 1 11 11
cfl=<frozen importlib._bootstrap_external>
cfn=_path_stat:80
calls=1 80
75 1 10 10
86 1 4 4
88 1 6 6
fl=/usr/lib/python3.8/enum.py
fn=__and__:833
833 4 7 1
834 4 15 3
836 4 45 11
cfl=/usr/lib/python3.8/enum.py
cfn=__call__:283
calls=8 283
836 8 153 19
fn=__call__:283
283 14 27 1
308 14 28 2
309 8 52 6
cfl=/usr/lib/python3.8/enum.py
cfn=__new__:562
calls=8 562
309 8 69 8
311 6 51 8
cfl=/usr/lib/python3.8/enum.py
cfn=_create_:386
calls=6 386
311 6 20104 3350
fn=__new__:562
562 8 14 1
566 8 18 2
571 8 16 2
572 8 19 2
fn=value:664
664 2 5 2
667 2 5 2
fn=_convert_:439
439 6 79 13
448 6 28 4
449 6 17 2
450 6 15 2
456 12 57 4
cfl=/usr/lib/python3.8/enum.py
cfn=<listcomp>:456
calls=6 456
456 6 8197 1366
458 6 13 2
460 6 14 2
462 6 239 39
cfl=/usr/lib/python3.8/enum.py
cfn=<lambda>:462
calls=64 462
462 64 195 3
466 6 50 8
cfl=/usr/lib/python3.8/enum.py
cfn=__call__:283
calls=6 283
466 6 20181 3363
467 6 41 6
cfl=/usr/lib/python3.8/enum.py
cfn=__setattr__:373
calls=6 373
467 6 49 8
468 6 53 8
cfl=/usr/lib/python3.8/enum.py
cfn=__members__:357
calls=6 357
468 6 24 4
469 6 15 2
470 6 13 2
fn=<listcomp>:456
456 744 1282 1
457 64 115 1
458 732 1240 1
459 732 3465 4
cfl=/usr/lib/python3.8/ssl.py
cfn=<lambda>:124
calls=122 124
459 122 351 2
cfl=/usr/lib/python3.8/ssl.py
cfn=<lambda>:129
calls=122 129
459 122 346 2
cfl=/usr/lib/python3.8/ssl.py
cfn=<lambda>:134
calls=122 134
459 122 342 2
cfl=/usr/lib/python3.8/ssl.py
cfn=<lambda>:139
calls=122 139
459 122 350 2
cfl=/usr/lib/python3.8/ssl.py
cfn=<lambda>:144
calls=122 144
459 122 347 2
cfl=/usr/lib/python3.8/ssl.py
cfn=<lambda>:149
calls=122 149
459 122 354 2
fn=<lambda>:462
462 128 195 1
fn=_create_:386
386 6 17 2
398 6 20 3
399 6 18 3
400 6 47 7
cfl=/usr/lib/python3.8/enum.py
cfn=_get_mixins_:478
calls=6 478
400 6 269 44
401 6 45 7
cfl=/usr/lib/python3.8/enum.py
cfn=__prepare__:124
calls=6 124
401 6 679 113
404 6 20 3
406 6 19 3
415 70 191 2
416 64 184 2
419 64 159 2
420 64 437 6
cfl=/usr/lib/python3.8/enum.py
cfn=__setitem__:65
calls=64 65
420 64 3753 58
421 6 64 10
cfl=/usr/lib/python3.8/enum.py
cfn=__new__:134
calls=6 134
421 6 14015 2335
425 6 21 3
430 6 16 2
433 6 40 6
cfl=/usr/lib/python3.8/enum.py
cfn=__setattr__:373
calls=6 373
433 6 49 8
434 6 15 2
437 6 14 2
fn=_get_mixins_:478
478 28 55 1
486 28 62 2
489 28 57 2
501 28 55 1
502 28 63 2
505 28 166 5
cfl=/usr/lib/python3.8/enum.py
cfn=_find_data_type:489
calls=28 489
505 28 603 21
506 28 60 2
508 28 55 1
fn=_find_data_type:489
489 28 45 1
490 28 54 1
491 54 104 1
492 54 96 1
494 54 103 1
495 54 101 1
496 26 45 1
497 28 51 1
fn=__prepare__:124
124 11 75 6
127 11 78 7
cfl=/usr/lib/python3.8/enum.py
cfn=__init__:58
calls=11 58
127 11 135 12
129 11 67 6
cfl=/usr/lib/python3.8/enum.py
cfn=_get_mixins_:478
calls=11 478
129 11 450 40
130 11 21 1
131 11 73 6
cfl=/usr/lib/python3.8/enum.py
cfn=__setitem__:65
calls=11 65
131 11 374 34
132 11 20 1
fn=__init__:58
58 11 19 1
59 11 30 2
60 11 23 2
61 11 21 1
62 11 20 1
63 11 20 1
fn=__setitem__:65
65 167 290 1
74 167 944 5
cfl=/usr/lib/python3.8/enum.py
cfn=_is_sunder:28
calls=167 28
74 167 1510 9
75 11 26 2
80 11 23 2
82 11 21 1
84 11 25 2
94 156 835 5
cfl=/usr/lib/python3.8/enum.py
cfn=_is_dunder:20
calls=156 20
94 156 1406 9
95 21 44 2
97 135 290 2
100 135 261 1
102 135 715 5
cfl=/usr/lib/python3.8/enum.py
cfn=_is_descriptor:12
calls=135 12
102 135 1297 9
103 135 276 2
106 135 277 2
111 135 275 2
112 135 275 2
113 167 397 2
fn=_is_sunder:28
28 167 223 1
30 533 898 1
31 167 309 1
32 32 58 1
33 11 20 1
fn=_is_dunder:20
20 168 223 1
22 536 908 1
23 168 332 1
24 32 55 1
25 32 52 1
fn=_is_descriptor:12
12 135 189 1
14 135 210 1
15 270 456 1
16 135 227 1
17 135 212 1
fn=__new__:134
134 11 105 9
141 11 56 5
142 11 46 4
143 22 80 3
144 11 43 3
145 11 92 8
cfl=/usr/lib/python3.8/enum.py
cfn=_get_mixins_:478
calls=11 478
145 11 460 41
146 22 145 6
cfl=/usr/lib/python3.8/enum.py
cfn=_find_new_:510
calls=11 510
146 11 1222 111
147 11 37 3
151 11 96 8
cfl=/usr/lib/python3.8/enum.py
cfn=<dictcomp>:151
calls=11 151
151 11 290 26
152 146 449 3
153 135 419 3
156 11 38 3
159 11 50 4
160 11 37 3
165 11 37 3
166 7 56 8
cfl=/usr/lib/python3.8/enum.py
cfn=__setitem__:65
calls=7 65
166 7 306 43
169 11 208 18
170 11 101 9
cfl=/usr/lib/python3.8/enum.py
cfn=__setattr__:373
calls=11 373
170 11 112 10
171 11 84 7
cfl=/usr/lib/python3.8/enum.py
cfn=__setattr__:373
calls=11 373
171 11 90 8
172 11 82 7
cfl=/usr/lib/python3.8/enum.py
cfn=__setattr__:373
calls=11 373
172 11 89 8
176 11 105 9
cfl=/usr/lib/python3.8/enum.py
cfn=<setcomp>:176
calls=11 176
176 11 5058 459
181 11 87 7
cfl=/usr/lib/python3.8/enum.py
cfn=__setattr__:373
calls=11 373
181 11 96 8
193 11 37 3
194 11 36 3
195 11 34 3
197 11 192 17
cfl=/usr/lib/python3.8/enum.py
cfn=<genexpr>:197
calls=35 197
197 35 122 3
198 1 9 9
cfl=/usr/lib/python3.8/enum.py
cfn=_make_class_unpicklable:36
calls=1 36
198 1 40 40
204 146 407 2
205 135 377 2
206 135 388 2
207 135 378 2
210 135 376 2
212 135 360 2
217 135 416 3
cfl=/usr/lib/python3.8/ssl.py
cfn=__new__:451
calls=2 451
217 2 46 23
218 135 413 3
219 135 371 2
222 135 394 2
cfl=/usr/lib/python3.8/ssl.py
cfn=__new__:451
calls=2 451
222 2 25 12
223 135 377 2
224 135 391 2
225 135 382 2
226 135 398 2
229 1467 4042 2
230 1334 3647 2
231 2 5 2
232 2 7 3
235 133 402 3
238 135 381 2
239 135 985 7
cfl=/usr/lib/python3.8/enum.py
cfn=__setattr__:373
calls=135 373
239 135 1150 8
241 135 411 3
242 135 366 2
246 135 406 3
252 55 148 2
253 44 134 3
254 44 126 2
255 44 129 2
256 44 116 2
257 1 8 8
cfl=/usr/lib/python3.8/enum.py
cfn=__setattr__:373
calls=1 373
257 1 8 8
261 11 29 2
264 11 30 2
266 11 84 7
cfl=/usr/lib/python3.8/enum.py
cfn=__setattr__:373
calls=11 373
266 11 95 8
269 11 32 2
275 11 29 2
fn=_find_new_:510
510 11 27 2
522 11 29 2
525 11 24 2
527 11 24 2
530 22 51 2
531 44 91 2
532 33 133 4
cfl=/usr/lib/python3.8/enum.py
cfn=__getattr__:332
calls=11 332
532 11 264 24
533 66 140 2
534 33 62 1
535 33 65 1
536 33 63 1
537 33 68 2
539 11 21 1
540 11 22 2
541 22 43 1
542 11 20 1
549 11 22 2
552 11 22 2
553 11 22 2
fn=__getattr__:332
332 12 37 3
341 12 67 5
cfl=/usr/lib/python3.8/enum.py
cfn=_is_dunder:20
calls=12 20
341 12 166 13
342 11 29 2
343 1 1 1
344 1 3 3
345 1 2 2
346 1 3 3
fn=<dictcomp>:151
151 157 290 1
fn=__setattr__:373
373 206 404 1
381 206 486 2
382 206 398 1
384 206 499 2
fn=<setcomp>:176
176 102 189 1
177 1404 2533 1
178 1346 2335 1
fn=<genexpr>:197
197 60 122 2
fn=__members__:357
357 7 29 4
365 7 17 2
fn=_make_class_unpicklable:36
36 1 4 4
38 1 3 3
40 1 7 7
cfl=/usr/lib/python3.8/enum.py
cfn=__setattr__:373
calls=1 373
40 1 9 9
41 1 7 7
cfl=/usr/lib/python3.8/enum.py
cfn=__setattr__:373
calls=1 373
41 1 7 7
fl=/usr/lib/python3.8/email/iterators.py
fn=<module>:5
5 2 13 6
7 1 2 2
8 1 2 2
9 1 2 2
10 1 2 2
14 1 4 4
15 1 4 4
20 1 3 3
34 1 2 2
45 1 2 2
59 1 2 2
fl=/usr/lib/python3.8/re.py
fn=compile:250
250 5 41 8
252 5 36 7
cfl=/usr/lib/python3.8/re.py
cfn=_compile:289
calls=5 289
252 5 10565 2113
fn=_compile:289
289 5 13 2
291 5 13 2
292 2 14 7
cfl=/usr/lib/python3.8/types.py
cfn=__get__:171
calls=2 171
292 2 44 22
293 5 11 2
294 5 15 3
295 4 8 2
296 4 71 17
297 4 9 2
302 4 26 6
cfl=/usr/lib/python3.8/sre_compile.py
cfn=isstring:595
calls=4 595
302 4 21 5
304 4 30 7
cfl=/usr/lib/python3.8/sre_compile.py
cfn=compile:759
calls=4 759
304 4 10008 2502
305 4 26 6
cfl=/usr/lib/python3.8/enum.py
cfn=__and__:833
calls=4 833
305 4 222 55
306 4 10 2
312 4 9 2
313 4 7 1
fl=/usr/lib/python3.8/smtplib.py
fn=<module>:3
3 2 54 27
44 1 10 10
45 1 14 14
46 1 14 14
47 1 15 15
48 1 45 45
cfl=<frozen importlib._bootstrap>
cfn=_find_and_load:986
calls=1 986
48 1 14795 14795
49 1 44 44
cfl=<frozen importlib._bootstrap>
cfn=_find_and_load:986
calls=1 986
49 1 3417 3417
50 1 15 15
51 1 46 46
cfl=<frozen importlib._bootstrap>
cfn=_find_and_load:986
calls=1 986
51 1 12237 12237
52 1 15 15
53 1 14 14
54 1 14 14
55 1 16 16
57 2 26 13
58 1 19 19
59 1 13 13
60 1 12 12
62 1 7 7
63 1 12 12
64 1 13 13
65 1 12 12
66 1 12 12
68 1 41 41
cfl=/usr/lib/python3.8/re.py
cfn=compile:250
calls=1 250
68 1 2439 2439
71 1 50 50
cfl=/usr/lib/python3.8/smtplib.py
cfn=SMTPException:71
calls=1 71
71 1 18 18
74 1 46 46
cfl=/usr/lib/python3.8/smtplib.py
cfn=SMTPNotSupportedError:74
calls=1 74
74 1 17 17
81 1 45 45
cfl=/usr/lib/python3.8/smtplib.py
cfn=SMTPServerDisconnected:81
calls=1 81
81 1 17 17
89 1 45 45
cfl=/usr/lib/python3.8/smtplib.py
cfn=SMTPResponseException:89
calls=1 89
89 1 21 21
103 1 48 48
cfl=/usr/lib/python3.8/smtplib.py
cfn=SMTPSenderRefused:103
calls=1 103
103 1 21 21
116 1 46 46
cfl=/usr/lib/python3.8/smtplib.py
cfn=SMTPRecipientsRefused:116
calls=1 116
116 1 21 21
129 1 46 46
cfl=/usr/lib/python3.8/smtplib.py
cfn=SMTPDataError:129
calls=1 129
129 1 17 17
132 1 44 44
cfl=/usr/lib/python3.8/smtplib.py
cfn=SMTPConnectError:132
calls=1 132
132 1 17 17
135 1 46 46
cfl=/usr/lib/python3.8/smtplib.py
cfn=SMTPHeloError:135
calls=1 135
135 1 19 19
138 1 42 42
cfl=/usr/lib/python3.8/smtplib.py
cfn=SMTPAuthenticationError:138
calls=1 138
138 1 17 17
145 1 13 13
158 1 13 13
166 1 12 12
175 1 12 12
178 1 12 12
181 1 12 12
182 1 47 47
cfl=<frozen importlib._bootstrap>
cfn=_find_and_load:986
calls=1 986
182 1 61959 61959
186 1 14 14
189 1 61 61
cfl=/usr/lib/python3.8/smtplib.py
cfn=SMTP:189
calls=1 189
189 1 458 458
996 1 13 13
998 1 43 43
cfl=/usr/lib/python3.8/smtplib.py
cfn=SMTP_SSL:998
calls=1 998
998 1 40 40
1046 1 14 14
1051 1 13 13
1053 1 42 42
cfl=/usr/lib/python3.8/smtplib.py
cfn=LMTP:1053
calls=1 1053
1053 1 33 33
1100 1 13 13
fn=SMTPException:71
71 2 16 8
72 1 2 2
fn=SMTPNotSupportedError:74
74 2 15 7
75 1 2 2
fn=SMTPServerDisconnected:81
81 2 15 7
82 1 2 2
fn=SMTPResponseException:89
89 2 16 8
90 1 2 2
98 1 2 2
fn=SMTPSenderRefused:103
103 2 17 8
104 1 1 1
110 1 2 2
fn=SMTPRecipientsRefused:116
116 2 15 7
117 1 2 2
124 1 3 3
fn=SMTPDataError:129
129 2 15 7
130 1 2 2
fn=SMTPConnectError:132
132 2 15 7
133 1 2 2
fn=SMTPHeloError:135
135 2 16 8
136 1 2 2
fn=SMTPAuthenticationError:138
138 2 15 7
139 1 2 2
fn=SMTP:189
189 2 28 14
190 1 5 5
218 1 9 9
220 1 9 9
221 1 9 9
222 1 8 8
223 1 8 8
224 1 9 9
225 1 8 8
226 1 9 9
228 2 20 10
229 1 9 9
230 1 10 10
275 1 5 5
278 1 9 9
288 1 9 9
297 1 8 8
303 1 9 9
311 1 8 8
346 1 9 9
365 1 8 8
373 1 10 10
422 1 9 9
428 1 10 10
438 1 9 9
489 1 8 8
493 1 10 10
499 1 9 9
504 1 8 8
516 1 8 8
520 1 8 8
541 1 9 9
549 1 10 10
578 1 9 9
583 1 9 9
585 1 8 8
592 1 10 10
609 1 9 9
648 1 9 9
657 1 10 10
662 1 10 10
670 1 8 8
736 1 9 9
792 1 9 9
896 1 9 9
973 1 8 8
986 1 9 9
fn=SMTP_SSL:998
998 2 17 8
999 1 2 2
1012 1 3 3
1014 2 6 3
1015 1 2 2
1016 1 2 2
1017 1 2 2
1037 1 2 2
fn=LMTP:1053
1053 2 16 8
1054 1 2 2
1067 1 4 4
1069 2 5 2
1070 1 2 2
1075 1 2 2
fl=<frozen importlib._bootstrap_external>
fn=find_spec:1334
1334 11 18 1
1340 11 25 2
1341 7 15 2
1342 11 70 6
cfl=<frozen importlib._bootstrap_external>
cfn=_get_spec:1302
calls=11 1302
1342 11 9258 841
1343 11 21 1
1345 11 22 2
1356 11 21 1
fn=_get_spec:1302
1302 11 22 2
1307 11 25 2
1308 34 70 2
1309 34 76 2
1311 34 200 5
cfl=<frozen importlib._bootstrap_external>
cfn=_path_importer_cache:1265
calls=34 1265
1311 34 592 17
1312 34 70 2
1313 27 58 2
1314 27 185 6
cfl=<frozen importlib._bootstrap_external>
cfn=find_spec:1431
calls=27 1431
1314 27 7768 287
1317 27 107 3
1318 16 36 2
1319 11 22 2
1320 11 21 1
fn=_path_importer_cache:1265
1265 34 53 1
1273 34 66 1
1280 34 61 1
1281 34 86 2
1282 1 3 3
1283 1 6 6
cfl=<frozen importlib._bootstrap_external>
cfn=_path_hooks:1252
calls=1 1252
1283 1 252 252
1284 1 4 4
1285 34 58 1
fn=_path_hooks:1252
1252 1 3 3
1255 1 3 3
1257 2 5 2
1258 2 4 2
1259 2 18 9
cfl=<frozen zipimport>
cfn=__init__:63
calls=1 63
1259 1 56 56
cfl=<frozen importlib._bootstrap_external>
cfn=path_hook_for_FileFinder:1520
calls=1 1520
1259 1 154 154
1260 1 2 2
1261 1 3 3
fn=_path_stat:80
80 49 109 2
87 49 226 4
fn=path_hook_for_FileFinder:1520
1520 1 2 2
1522 1 7 7
cfl=<frozen importlib._bootstrap_external>
cfn=_path_isdir:104
calls=1 104
1522 1 34 34
1524 1 10 10
cfl=<frozen importlib._bootstrap_external>
cfn=__init__:1394
calls=1 1394
1524 1 100 100
fn=_path_isdir:104
104 1 2 2
106 1 2 2
108 1 7 7
cfl=<frozen importlib._bootstrap_external>
cfn=_path_is_mode_type:90
calls=1 90
108 1 21 21
fn=_path_is_mode_type:90
90 12 19 1
92 12 24 2
93 12 72 6
cfl=<frozen importlib._bootstrap_external>
cfn=_path_stat:80
calls=12 80
93 12 66 5
96 12 25 2
fn=__init__:1394
1394 1 3 3
1398 1 3 3
1399 4 11 2
1400 3 40 13
cfl=<frozen importlib._bootstrap_external>
cfn=<genexpr>:1400
calls=8 1400
1400 8 27 3
1401 1 2 2
1403 1 3 3
1404 1 2 2
1405 1 3 3
1406 1 2 2
fn=<genexpr>:1400
1400 16 27 1
fn=find_spec:1431
1431 27 61 2
1436 27 68 2
1437 27 76 2
1438 27 67 2
1439 27 191 7
cfl=<frozen importlib._bootstrap_external>
cfn=_path_stat:80
calls=27 80
1439 27 206 7
1442 27 73 2
1443 1 13 13
cfl=<frozen importlib._bootstrap_external>
cfn=_fill_cache:1479
calls=1 1479
1443 1 69 69
1444 1 3 3
1446 27 160 5
cfl=<frozen importlib._bootstrap_external>
cfn=_relax_case:40
calls=27 40
1446 27 87 3
1450 27 69 2
1451 27 65 2
1453 27 65 2
1465 134 316 2
1466 118 715 6
cfl=<frozen importlib._bootstrap_external>
cfn=_path_join:62
calls=118 62
1466 118 2741 23
1467 118 728 6
cfl=<frozen importlib._bootstrap>
cfn=_verbose_message:222
calls=118 222
1467 118 411 3
1468 118 286 2
1469 11 67 6
cfl=<frozen importlib._bootstrap_external>
cfn=_path_isfile:99
calls=11 99
1469 11 269 24
1470 22 102 4
cfl=<frozen importlib._bootstrap_external>
cfn=_get_spec:1426
calls=11 1426
1470 11 754 68
1471 11 24 2
1472 16 34 2
1477 16 35 2
fn=_fill_cache:1479
1479 1 3 3
1481 1 4 4
1482 1 3 3
1483 1 41 41
1490 1 5 5
1491 1 7 7
1507 1 3 3
fn=_relax_case:40
40 27 38 1
42 27 48 1
fn=_path_join:62
62 136 189 1
64 272 972 3
cfl=<frozen importlib._bootstrap_external>
cfn=<listcomp>:64
calls=136 64
64 136 1865 13
65 136 236 1
fn=<listcomp>:64
64 852 1383 1
65 290 481 1
fn=_path_isfile:99
99 11 16 1
101 11 64 5
cfl=<frozen importlib._bootstrap_external>
cfn=_path_is_mode_type:90
calls=11 90
101 11 188 17
fn=_get_spec:1426
1426 11 19 1
1427 11 73 6
cfl=<frozen importlib._bootstrap_external>
cfn=__init__:939
calls=9 939
1427 9 50 5
cfl=<frozen importlib._bootstrap_external>
cfn=__init__:1088
calls=2 1088
1427 2 14 7
1428 22 93 4
cfl=<frozen importlib._bootstrap_external>
cfn=spec_from_file_location:629
calls=11 629
1428 11 484 44
1429 11 20 1
fn=__init__:939
939 9 12 1
942 9 20 2
943 9 17 1
fn=spec_from_file_location:629
629 11 22 2
641 11 27 2
653 11 30 2
661 11 81 7
cfl=<frozen importlib._bootstrap>
cfn=__init__:342
calls=11 342
661 11 172 15
662 11 27 2
665 11 25 2
675 11 23 2
686 11 25 2
687 11 27 2
692 11 22 2
fn=create_module:774
774 9 14 1
775 9 16 1
fn=_get_cached:424
424 11 14 1
425 11 27 2
426 9 16 1
427 9 61 6
cfl=<frozen importlib._bootstrap_external>
cfn=cache_from_source:294
calls=9 294
427 9 793 88
430 2 4 2
433 2 4 2
fn=cache_from_source:294
294 18 43 2
312 18 48 2
319 18 48 2
320 18 120 6
cfl=<frozen importlib._bootstrap_external>
cfn=_path_split:68
calls=18 68
320 18 150 8
321 18 53 2
322 18 51 2
323 18 44 2
325 18 50 2
326 18 40 2
327 18 42 2
328 18 40 2
331 18 41 2
332 18 39 2
336 18 46 2
337 18 42 2
362 18 108 6
cfl=<frozen importlib._bootstrap_external>
cfn=_path_join:62
calls=18 62
362 18 522 29
fn=_path_split:68
68 18 30 1
70 18 41 2
71 18 41 2
72 18 36 2
fn=exec_module:777
777 9 15 1
779 9 69 7
cfl=<frozen importlib._bootstrap_external>
cfn=get_code:849
calls=9 849
779 9 4438 493
780 9 19 2
783 9 70 7
cfl=<frozen importlib._bootstrap>
cfn=_call_with_frames_removed:211
calls=9 211
783 9 96909 10767
fn=get_code:849
849 9 25 2
856 9 68 7
cfl=<frozen importlib._bootstrap_external>
cfn=_check_name_wrapper:456
calls=9 456
856 9 139 15
857 9 28 3
858 9 25 2
859 9 25 2
860 9 22 2
861 9 22 2
862 9 24 2
863 9 67 7
cfl=<frozen importlib._bootstrap_external>
cfn=cache_from_source:294
calls=9 294
863 9 739 82
867 9 24 2
868 9 66 7
cfl=<frozen importlib._bootstrap_external>
cfn=path_stats:1010
calls=9 1010
868 9 140 15
872 9 28 3
873 9 22 2
874 9 75 8
cfl=<frozen importlib._bootstrap_external>
cfn=get_data:969
calls=9 969
874 9 295 32
878 9 22 2
879 9 24 2
880 9 21 2
882 9 22 2
883 9 61 6
cfl=<frozen importlib._bootstrap_external>
cfn=_classify_pyc:493
calls=9 493
883 9 229 25
884 9 31 3
885 9 22 2
886 9 19 2
899 18 79 4
cfl=<frozen importlib._bootstrap_external>
cfn=_validate_timestamp_pyc:526
calls=9 526
899 9 247 27
900 9 19 2
901 9 19 2
902 9 21 2
903 9 18 2
904 9 19 2
909 18 85 4
cfl=<frozen importlib._bootstrap>
cfn=_verbose_message:222
calls=9 222
909 9 603 67
910 9 20 2
911 18 83 4
cfl=<frozen importlib._bootstrap_external>
cfn=_compile_bytecode:578
calls=9 578
911 9 879 97
912 9 21 2
913 9 19 2
fn=_check_name_wrapper:456
456 9 18 2
457 9 19 2
459 9 18 2
462 9 54 6
cfl=<frozen importlib._bootstrap_external>
cfn=get_filename:964
calls=9 964
462 9 28 3
fn=get_filename:964
964 9 12 1
967 9 16 1
fn=path_stats:1010
1010 9 14 1
1012 9 53 5
cfl=<frozen importlib._bootstrap_external>
cfn=_path_stat:80
calls=9 80
1012 9 51 5
1013 9 20 2
fn=get_data:969
969 9 15 1
971 9 21 2
972 9 132 14
973 9 126 14
fn=_classify_pyc:493
493 9 19 2
509 9 21 2
510 9 22 2
514 9 19 2
518 9 52 5
cfl=<frozen importlib._bootstrap_external>
cfn=_unpack_uint32:51
calls=9 51
518 9 56 6
520 9 20 2
523 9 17 1
fn=_unpack_uint32:51
51 27 37 1
53 27 49 1
54 27 58 2
fn=_validate_timestamp_pyc:526
526 9 17 1
545 9 55 6
cfl=<frozen importlib._bootstrap_external>
cfn=_unpack_uint32:51
calls=9 51
545 9 44 4
549 18 36 2
550 9 48 5
cfl=<frozen importlib._bootstrap_external>
cfn=_unpack_uint32:51
calls=9 51
550 9 44 4
fn=_compile_bytecode:578
578 9 15 1
580 9 670 74
581 9 34 3
582 9 63 7
cfl=<frozen importlib._bootstrap>
cfn=_verbose_message:222
calls=9 222
582 9 37 4
583 9 19 2
584 9 20 2
585 9 18 2
fn=__init__:1088
1088 2 3 1
1089 2 5 2
1090 2 5 2
fn=create_module:1099
1099 2 4 2
1101 4 29 7
cfl=<frozen importlib._bootstrap>
cfn=_call_with_frames_removed:211
calls=2 211
1101 2 1110 555
1102 2 5 2
1103 4 20 5
cfl=<frozen importlib._bootstrap>
cfn=_verbose_message:222
calls=2 222
1103 2 11 5
1104 2 6 3
1105 2 4 2
fn=exec_module:1107
1107 2 3 1
1109 2 13 6
cfl=<frozen importlib._bootstrap>
cfn=_call_with_frames_removed:211
calls=2 211
1109 2 7 3
1110 4 16 4
cfl=<frozen importlib._bootstrap>
cfn=_verbose_message:222
calls=2 222
1110 2 7 3
1111 2 4 2
fl=/usr/lib/python3.8/email/_encoded_words.py
fn=<module>:1
1 2 17 8
42 1 3 3
43 1 5 5
44 1 4 4
45 1 5 5
46 1 7 7
47 1 13 13
cfl=<frozen importlib._bootstrap>
cfn=_handle_fromlist:1017
calls=1 1017
47 1 18 18
49 2 8 4
50 1 4 4
51 1 3 3
52 1 5 5
53 1 4 4
54 1 4 4
55 1 3 3
56 1 3 3
64 2 17 8
cfl=/usr/lib/python3.8/re.py
cfn=compile:250
calls=1 250
64 1 3584 3584
65 1 4 4
67 1 3 3
73 1 52 52
cfl=/usr/lib/python3.8/email/_encoded_words.py
cfn=_QByteMap:73
calls=1 73
73 1 12 12
84 1 5 5
87 1 5 5
89 1 4 4
92 1 5 5
100 1 4 4
138 1 4 4
141 1 4 4
147 1 5 5
148 1 5 5
149 1 4 4
152 1 4 4
194 1 4 4
195 1 4 4
196 1 5 5
199 1 4 4
200 1 4 4
201 1 3 3
204 1 4 4
fn=_QByteMap:73
73 2 6 3
75 1 3 3
77 1 2 2
fl=/usr/lib/python3.8/email/message.py
fn=<module>:5
5 2 58 29
7 1 9 9
9 1 15 15
10 1 45 45
cfl=<frozen importlib._bootstrap>
cfn=_find_and_load:986
calls=1 986
10 1 2069 2069
11 1 16 16
12 1 18 18
15 1 40 40
cfl=<frozen importlib._bootstrap>
cfn=_handle_fromlist:1017
calls=1 1017
15 1 36 36
16 1 38 38
cfl=<frozen importlib._bootstrap>
cfn=_handle_fromlist:1017
calls=1 1017
16 1 21 21
17 1 17 17
18 1 37 37
cfl=<frozen importlib._bootstrap>
cfn=_handle_fromlist:1017
calls=1 1017
18 1 22 22
19 1 47 47
cfl=<frozen importlib._bootstrap>
cfn=_find_and_load:986
calls=1 986
19 1 5233 5233
20 1 17 17
22 1 15 15
26 1 44 44
cfl=/usr/lib/python3.8/re.py
cfn=compile:250
calls=1 250
26 1 3161 3161
29 1 15 15
39 1 14 14
73 1 14 14
93 1 14 14
105 1 66 66
cfl=/usr/lib/python3.8/email/message.py
cfn=Message:105
calls=1 105
105 1 1891 1891
945 1 59 59
cfl=/usr/lib/python3.8/email/message.py
cfn=MIMEPart:945
calls=1 945
945 1 162 162
1168 1 51 51
cfl=/usr/lib/python3.8/email/message.py
cfn=EmailMessage:1168
calls=1 1168
1168 1 20 20
fn=Message:105
105 2 29 14
106 1 5 5
120 1 9 9
132 1 9 9
137 1 9 9
161 1 8 8
166 1 10 10
181 1 9 9
188 1 8 8
191 1 10 10
197 1 9 9
213 1 9 9
303 1 8 8
323 1 9 9
370 1 9 9
378 1 8 8
382 1 9 9
393 1 8 8
411 1 9 9
423 1 9 9
426 1 10 10
430 1 9 9
440 1 10 10
451 1 9 9
462 1 8 8
479 1 9 9
486 1 9 9
497 1 8 8
515 1 9 9
545 1 8 8
564 1 9 9
588 1 9 9
597 1 10 10
606 1 9 9
615 1 10 10
624 1 9 9
645 1 8 8
667 1 9 9
701 1 9 9
752 1 9 9
774 1 8 8
806 1 9 9
822 1 9 9
835 1 9 9
881 1 10 10
911 1 8 8
929 1 9 9
942 1 30 30
cfl=<frozen importlib._bootstrap>
cfn=_find_and_load:986
calls=1 986
942 1 1407 1407
fn=MIMEPart:945
945 2 23 11
947 1 4 4
954 1 5 5
970 1 6 6
973 1 5 5
977 1 5 5
1006 1 5 5
1026 2 14 7
1027 1 5 5
1028 1 5 5
1029 1 5 5
1030 1 3 3
1085 1 5 5
1093 1 5 5
1098 1 5 5
1103 1 5 5
1130 1 5 5
1133 1 5 5
1136 1 5 5
1139 1 5 5
1149 1 6 6
1152 1 5 5
1155 1 5 5
1158 1 6 6
1162 1 5 5
fn=EmailMessage:1168
1168 2 18 9
1170 1 2 2
